<?xml version="1.0" encoding="UTF-8"?>
<testng-results skipped="0" failed="0" total="1" passed="1">
  <reporter-output>
  </reporter-output>
  <suite name="Command line suite" duration-ms="164769" started-at="2018-04-05T04:50:57Z" finished-at="2018-04-05T04:53:42Z">
    <groups>
      <group name="cucumber">
        <method signature="AbstractTestNGCucumberTests.feature(cucumber.api.testng.CucumberFeatureWrapper)[pri:0, instance:runner.TestRunner@2096442d]" name="feature" class="cucumber.api.testng.AbstractTestNGCucumberTests"/>
      </group> <!-- cucumber -->
    </groups>
    <test name="Command line test" duration-ms="164769" started-at="2018-04-05T04:50:57Z" finished-at="2018-04-05T04:53:42Z">
      <class name="runner.TestRunner">
        <test-method status="PASS" signature="setUpClass()[pri:0, instance:runner.TestRunner@2096442d]" name="setUpClass" is-config="true" duration-ms="437" started-at="2018-04-05T14:50:57Z" finished-at="2018-04-05T14:50:58Z">
          <reporter-output>
          </reporter-output>
        </test-method> <!-- setUpClass -->
        <test-method status="PASS" signature="feature(cucumber.api.testng.CucumberFeatureWrapper)[pri:0, instance:runner.TestRunner@2096442d]" name="feature" duration-ms="163928" started-at="2018-04-05T14:50:58Z" description="Runs Cucumber Feature" data-provider="features" finished-at="2018-04-05T14:53:42Z">
          <params>
            <param index="0">
              <value>
                <![CDATA[CRM Email To Case An Enquiry And Link/unlink ACP to prevent Error Validations]]>
              </value>
            </param>
          </params>
          <reporter-output>
          </reporter-output>
        </test-method> <!-- feature -->
        <test-method status="PASS" signature="tearDownClass()[pri:0, instance:runner.TestRunner@2096442d]" name="tearDownClass" is-config="true" duration-ms="177" started-at="2018-04-05T14:53:42Z" finished-at="2018-04-05T14:53:42Z">
          <reporter-output>
          </reporter-output>
        </test-method> <!-- tearDownClass -->
      </class> <!-- runner.TestRunner -->
    </test> <!-- Command line test -->
  </suite> <!-- Command line suite -->
</testng-results>
